This file contains any messages produced by compilers while
running configure, to aid debugging if configure makes a mistake.

It was created by sphinxbase configure 5prealpha, which was
generated by GNU Autoconf 2.69.  Invocation command line was

  $ ./configure 

## --------- ##
## Platform. ##
## --------- ##

hostname = meow.local
uname -m = x86_64
uname -r = 16.6.0
uname -s = Darwin
uname -v = Darwin Kernel Version 16.6.0: Fri Apr 14 16:21:16 PDT 2017; root:xnu-3789.60.24~6/RELEASE_X86_64

/usr/bin/uname -p = i386
/bin/uname -X     = unknown

/bin/arch              = unknown
/usr/bin/arch -k       = unknown
/usr/convex/getsysinfo = unknown
/usr/bin/hostinfo      = Mach kernel version:
	 Darwin Kernel Version 16.6.0: Fri Apr 14 16:21:16 PDT 2017; root:xnu-3789.60.24~6/RELEASE_X86_64
Kernel configured for up to 4 processors.
2 processors are physically available.
4 processors are logically available.
Processor type: x86_64h (Intel x86-64h Haswell)
Processors active: 0 1 2 3
Primary memory available: 8.00 gigabytes
Default processor set: 386 tasks, 1832 threads, 4 processors
Load average: 1.90, Mach factor: 2.09
/bin/machine           = unknown
/usr/bin/oslevel       = unknown
/bin/universe          = unknown

PATH: /Users/muyingchen/desktop/ENTER/bin
PATH: /Library/Frameworks/Python.framework/Versions/3.6/bin
PATH: /usr/local/bin
PATH: /usr/bin
PATH: /bin
PATH: /usr/sbin
PATH: /sbin
PATH: /Library/TeX/texbin
PATH: /Applications/Wireshark.app/Contents/MacOS


## ----------- ##
## Core tests. ##
## ----------- ##

configure:2536: checking for a BSD-compatible install
configure:2604: result: /usr/bin/install -c
configure:2615: checking whether build environment is sane
configure:2670: result: yes
configure:2821: checking for a thread-safe mkdir -p
configure:2860: result: ./install-sh -c -d
configure:2867: checking for gawk
configure:2897: result: no
configure:2867: checking for mawk
configure:2897: result: no
configure:2867: checking for nawk
configure:2897: result: no
configure:2867: checking for awk
configure:2883: found /usr/bin/awk
configure:2894: result: awk
configure:2905: checking whether make sets $(MAKE)
configure:2927: result: yes
configure:2956: checking whether make supports nested variables
configure:2973: result: yes
configure:3056: checking build system type
configure:3070: result: x86_64-apple-darwin16.6.0
configure:3090: checking host system type
configure:3103: result: x86_64-apple-darwin16.6.0
configure:3135: checking for style of include used by make
configure:3163: result: GNU
configure:3234: checking for gcc
configure:3250: found /usr/bin/gcc
configure:3261: result: gcc
configure:3490: checking for C compiler version
configure:3499: gcc --version >&5
Apple LLVM version 8.1.0 (clang-802.0.42)
Target: x86_64-apple-darwin16.6.0
Thread model: posix
InstalledDir: /Applications/Xcode.app/Contents/Developer/Toolchains/XcodeDefault.xctoolchain/usr/bin
Configured with: --prefix=/Applications/Xcode.app/Contents/Developer/usr --with-gxx-include-dir=/Applications/Xcode.app/Contents/Developer/Platforms/MacOSX.platform/Developer/SDKs/MacOSX10.12.sdk/usr/include/c++/4.2.1
configure:3510: $? = 0
configure:3499: gcc -v >&5
Configured with: --prefix=/Applications/Xcode.app/Contents/Developer/usr --with-gxx-include-dir=/Applications/Xcode.app/Contents/Developer/Platforms/MacOSX.platform/Developer/SDKs/MacOSX10.12.sdk/usr/include/c++/4.2.1
Apple LLVM version 8.1.0 (clang-802.0.42)
Target: x86_64-apple-darwin16.6.0
Thread model: posix
InstalledDir: /Applications/Xcode.app/Contents/Developer/Toolchains/XcodeDefault.xctoolchain/usr/bin
configure:3510: $? = 0
configure:3499: gcc -V >&5
clang: error: argument to '-V' is missing (expected 1 value)
clang: error: no input files
configure:3510: $? = 1
configure:3499: gcc -qversion >&5
clang: error: unknown argument: '-qversion'
clang: error: no input files
configure:3510: $? = 1
configure:3530: checking whether the C compiler works
configure:3552: gcc -g -O2 -Wall   conftest.c  >&5
configure:3556: $? = 0
configure:3604: result: yes
configure:3607: checking for C compiler default output file name
configure:3609: result: a.out
configure:3615: checking for suffix of executables
configure:3622: gcc -o conftest -g -O2 -Wall   conftest.c  >&5
configure:3626: $? = 0
configure:3648: result: 
configure:3670: checking whether we are cross compiling
configure:3678: gcc -o conftest -g -O2 -Wall   conftest.c  >&5
configure:3682: $? = 0
configure:3689: ./conftest
configure:3693: $? = 0
configure:3708: result: no
configure:3713: checking for suffix of object files
configure:3735: gcc -c -g -O2 -Wall  conftest.c >&5
configure:3739: $? = 0
configure:3760: result: o
configure:3764: checking whether we are using the GNU C compiler
configure:3783: gcc -c -g -O2 -Wall  conftest.c >&5
configure:3783: $? = 0
configure:3792: result: yes
configure:3801: checking whether gcc accepts -g
configure:3821: gcc -c -g  conftest.c >&5
configure:3821: $? = 0
configure:3862: result: yes
configure:3879: checking for gcc option to accept ISO C89
configure:3942: gcc  -c -g -O2 -Wall  conftest.c >&5
configure:3942: $? = 0
configure:3955: result: none needed
configure:3977: checking dependency style of gcc
configure:4088: result: gcc3
configure:4104: checking for library containing strerror
configure:4135: gcc -o conftest -g -O2 -Wall   conftest.c  >&5
conftest.c:16:6: warning: incompatible redeclaration of library function 'strerror' [-Wincompatible-library-redeclaration]
char strerror ();
     ^
conftest.c:16:6: note: 'strerror' is a builtin with type 'char *(int)'
1 warning generated.
configure:4135: $? = 0
configure:4152: result: none required
configure:4208: checking for gcc
configure:4235: result: gcc
configure:4464: checking for C compiler version
configure:4473: gcc --version >&5
Apple LLVM version 8.1.0 (clang-802.0.42)
Target: x86_64-apple-darwin16.6.0
Thread model: posix
InstalledDir: /Applications/Xcode.app/Contents/Developer/Toolchains/XcodeDefault.xctoolchain/usr/bin
Configured with: --prefix=/Applications/Xcode.app/Contents/Developer/usr --with-gxx-include-dir=/Applications/Xcode.app/Contents/Developer/Platforms/MacOSX.platform/Developer/SDKs/MacOSX10.12.sdk/usr/include/c++/4.2.1
configure:4484: $? = 0
configure:4473: gcc -v >&5
Configured with: --prefix=/Applications/Xcode.app/Contents/Developer/usr --with-gxx-include-dir=/Applications/Xcode.app/Contents/Developer/Platforms/MacOSX.platform/Developer/SDKs/MacOSX10.12.sdk/usr/include/c++/4.2.1
Apple LLVM version 8.1.0 (clang-802.0.42)
Target: x86_64-apple-darwin16.6.0
Thread model: posix
InstalledDir: /Applications/Xcode.app/Contents/Developer/Toolchains/XcodeDefault.xctoolchain/usr/bin
configure:4484: $? = 0
configure:4473: gcc -V >&5
clang: error: argument to '-V' is missing (expected 1 value)
clang: error: no input files
configure:4484: $? = 1
configure:4473: gcc -qversion >&5
clang: error: unknown argument: '-qversion'
clang: error: no input files
configure:4484: $? = 1
configure:4488: checking whether we are using the GNU C compiler
configure:4516: result: yes
configure:4525: checking whether gcc accepts -g
configure:4586: result: yes
configure:4603: checking for gcc option to accept ISO C89
configure:4679: result: none needed
configure:4701: checking dependency style of gcc
configure:4812: result: gcc3
configure:4831: checking for gcc option to accept ISO C99
configure:4980: gcc  -c -g -O2 -Wall  conftest.c >&5
configure:4980: $? = 0
configure:4993: result: none needed
configure:5101: checking for gcc option to accept ISO Standard C
configure:5112: result: none needed
configure:5166: checking how to print strings
configure:5193: result: printf
configure:5214: checking for a sed that does not truncate output
configure:5278: result: /usr/bin/sed
configure:5296: checking for grep that handles long lines and -e
configure:5354: result: /usr/bin/grep
configure:5359: checking for egrep
configure:5421: result: /usr/bin/grep -E
configure:5426: checking for fgrep
configure:5488: result: /usr/bin/grep -F
configure:5523: checking for ld used by gcc
configure:5590: result: /Applications/Xcode.app/Contents/Developer/Toolchains/XcodeDefault.xctoolchain/usr/bin/ld
configure:5597: checking if the linker (/Applications/Xcode.app/Contents/Developer/Toolchains/XcodeDefault.xctoolchain/usr/bin/ld) is GNU ld
configure:5612: result: no
configure:5624: checking for BSD- or MS-compatible name lister (nm)
configure:5673: result: /usr/bin/nm -B
configure:5803: checking the name lister (/usr/bin/nm -B) interface
configure:5810: gcc -c -g -O2 -Wall  conftest.c >&5
configure:5813: /usr/bin/nm -B "conftest.o"
configure:5816: output
0000000000000210 S _some_variable
configure:5823: result: BSD nm
configure:5826: checking whether ln -s works
configure:5830: result: yes
configure:5838: checking the maximum length of command line arguments
configure:5968: result: 196608
configure:5985: checking whether the shell understands some XSI constructs
configure:5995: result: yes
configure:5999: checking whether the shell understands "+="
configure:6005: result: yes
configure:6040: checking how to convert x86_64-apple-darwin16.6.0 file names to x86_64-apple-darwin16.6.0 format
configure:6080: result: func_convert_file_noop
configure:6087: checking how to convert x86_64-apple-darwin16.6.0 file names to toolchain format
configure:6107: result: func_convert_file_noop
configure:6114: checking for /Applications/Xcode.app/Contents/Developer/Toolchains/XcodeDefault.xctoolchain/usr/bin/ld option to reload object files
configure:6121: result: -r
configure:6195: checking for objdump
configure:6211: found /usr/bin/objdump
configure:6222: result: objdump
configure:6254: checking how to recognize dependent libraries
configure:6456: result: pass_all
configure:6541: checking for dlltool
configure:6571: result: no
configure:6601: checking how to associate runtime and link libraries
configure:6628: result: printf %s\n
configure:6688: checking for ar
configure:6704: found /usr/bin/ar
configure:6715: result: ar
configure:6752: checking for archiver @FILE support
configure:6769: gcc -c -g -O2 -Wall  conftest.c >&5
configure:6769: $? = 0
configure:6772: ar cru libconftest.a @conftest.lst >&5
ar: @conftest.lst: No such file or directory
configure:6775: $? = 1
configure:6795: result: no
configure:6853: checking for strip
configure:6869: found /usr/bin/strip
configure:6880: result: strip
configure:6952: checking for ranlib
configure:6968: found /usr/bin/ranlib
configure:6979: result: ranlib
configure:7081: checking command to parse /usr/bin/nm -B output from gcc object
configure:7201: gcc -c -g -O2 -Wall  conftest.c >&5
configure:7204: $? = 0
configure:7208: /usr/bin/nm -B conftest.o \| sed -n -e 's/^.*[ ]\([BCDEGRST][BCDEGRST]*\)[ ][ ]*\([_A-Za-z][_A-Za-z0-9]*\)$/\1 \2 \2/p' | sed '/ __gnu_lto/d' \> conftest.nm
configure:7211: $? = 0
cannot find nm_test_var in conftest.nm
configure:7201: gcc -c -g -O2 -Wall  conftest.c >&5
configure:7204: $? = 0
configure:7208: /usr/bin/nm -B conftest.o \| sed -n -e 's/^.*[ ]\([BCDEGRST][BCDEGRST]*\)[ ][ ]*_\([_A-Za-z][_A-Za-z0-9]*\)$/\1 _\2 \2/p' | sed '/ __gnu_lto/d' \> conftest.nm
configure:7211: $? = 0
configure:7277: gcc -o conftest -g -O2 -Wall   conftest.c conftstm.o >&5
warning: (x86_64)  could not find object file symbol for symbol _main
configure:7280: $? = 0
configure:7318: result: ok
configure:7355: checking for sysroot
configure:7385: result: no
configure:7641: checking for mt
configure:7671: result: no
configure:7691: checking if : is a manifest tool
configure:7697: : '-?'
configure:7705: result: no
configure:7761: checking for dsymutil
configure:7777: found /usr/bin/dsymutil
configure:7788: result: dsymutil
configure:7853: checking for nmedit
configure:7869: found /usr/bin/nmedit
configure:7880: result: nmedit
configure:7945: checking for lipo
configure:7961: found /usr/bin/lipo
configure:7972: result: lipo
configure:8037: checking for otool
configure:8053: found /usr/bin/otool
configure:8064: result: otool
configure:8129: checking for otool64
configure:8159: result: no
configure:8204: checking for -single_module linker flag
gcc -g -O2 -Wall  -o libconftest.dylib -dynamiclib -Wl,-single_module conftest.c
configure:8237: result: yes
configure:8240: checking for -exported_symbols_list linker flag
configure:8260: gcc -o conftest -g -O2 -Wall   -Wl,-exported_symbols_list,conftest.sym conftest.c  >&5
configure:8260: $? = 0
configure:8270: result: yes
configure:8273: checking for -force_load linker flag
gcc -g -O2 -Wall -c -o conftest.o conftest.c
ar cru libconftest.a conftest.o
ranlib libconftest.a
gcc -g -O2 -Wall  -o conftest conftest.c -Wl,-force_load,./libconftest.a
configure:8305: result: yes
configure:8347: checking how to run the C preprocessor
configure:8378: gcc -E  conftest.c
configure:8378: $? = 0
configure:8392: gcc -E  conftest.c
conftest.c:9:10: fatal error: 'ac_nonexistent.h' file not found
#include <ac_nonexistent.h>
         ^
1 error generated.
configure:8392: $? = 1
configure: failed program was:
| /* confdefs.h */
| #define PACKAGE_NAME "sphinxbase"
| #define PACKAGE_TARNAME "sphinxbase"
| #define PACKAGE_VERSION "5prealpha"
| #define PACKAGE_STRING "sphinxbase 5prealpha"
| #define PACKAGE_BUGREPORT ""
| #define PACKAGE_URL ""
| /* end confdefs.h.  */
| #include <ac_nonexistent.h>
configure:8417: result: gcc -E
configure:8437: gcc -E  conftest.c
configure:8437: $? = 0
configure:8451: gcc -E  conftest.c
conftest.c:9:10: fatal error: 'ac_nonexistent.h' file not found
#include <ac_nonexistent.h>
         ^
1 error generated.
configure:8451: $? = 1
configure: failed program was:
| /* confdefs.h */
| #define PACKAGE_NAME "sphinxbase"
| #define PACKAGE_TARNAME "sphinxbase"
| #define PACKAGE_VERSION "5prealpha"
| #define PACKAGE_STRING "sphinxbase 5prealpha"
| #define PACKAGE_BUGREPORT ""
| #define PACKAGE_URL ""
| /* end confdefs.h.  */
| #include <ac_nonexistent.h>
configure:8480: checking for ANSI C header files
configure:8500: gcc -c -g -O2 -Wall  conftest.c >&5
configure:8500: $? = 0
configure:8573: gcc -o conftest -g -O2 -Wall   conftest.c  >&5
configure:8573: $? = 0
configure:8573: ./conftest
configure:8573: $? = 0
configure:8584: result: yes
configure:8597: checking for sys/types.h
configure:8597: gcc -c -g -O2 -Wall  conftest.c >&5
configure:8597: $? = 0
configure:8597: result: yes
configure:8597: checking for sys/stat.h
configure:8597: gcc -c -g -O2 -Wall  conftest.c >&5
configure:8597: $? = 0
configure:8597: result: yes
configure:8597: checking for stdlib.h
configure:8597: gcc -c -g -O2 -Wall  conftest.c >&5
configure:8597: $? = 0
configure:8597: result: yes
configure:8597: checking for string.h
configure:8597: gcc -c -g -O2 -Wall  conftest.c >&5
configure:8597: $? = 0
configure:8597: result: yes
configure:8597: checking for memory.h
configure:8597: gcc -c -g -O2 -Wall  conftest.c >&5
configure:8597: $? = 0
configure:8597: result: yes
configure:8597: checking for strings.h
configure:8597: gcc -c -g -O2 -Wall  conftest.c >&5
configure:8597: $? = 0
configure:8597: result: yes
configure:8597: checking for inttypes.h
configure:8597: gcc -c -g -O2 -Wall  conftest.c >&5
configure:8597: $? = 0
configure:8597: result: yes
configure:8597: checking for stdint.h
configure:8597: gcc -c -g -O2 -Wall  conftest.c >&5
configure:8597: $? = 0
configure:8597: result: yes
configure:8597: checking for unistd.h
configure:8597: gcc -c -g -O2 -Wall  conftest.c >&5
configure:8597: $? = 0
configure:8597: result: yes
configure:8611: checking for dlfcn.h
configure:8611: gcc -c -g -O2 -Wall  conftest.c >&5
configure:8611: $? = 0
configure:8611: result: yes
configure:8817: checking for objdir
configure:8832: result: .libs
configure:9103: checking if gcc supports -fno-rtti -fno-exceptions
configure:9121: gcc -c -g -O2 -Wall  -fno-rtti -fno-exceptions conftest.c >&5
configure:9125: $? = 0
configure:9138: result: yes
configure:9465: checking for gcc option to produce PIC
configure:9472: result: -fno-common -DPIC
configure:9480: checking if gcc PIC flag -fno-common -DPIC works
configure:9498: gcc -c -g -O2 -Wall  -fno-common -DPIC -DPIC conftest.c >&5
configure:9502: $? = 0
configure:9515: result: yes
configure:9544: checking if gcc static flag -static works
configure:9572: result: no
configure:9587: checking if gcc supports -c -o file.o
configure:9608: gcc -c -g -O2 -Wall  -o out/conftest2.o conftest.c >&5
configure:9612: $? = 0
configure:9634: result: yes
configure:9642: checking if gcc supports -c -o file.o
configure:9689: result: yes
configure:9722: checking whether the gcc linker (/Applications/Xcode.app/Contents/Developer/Toolchains/XcodeDefault.xctoolchain/usr/bin/ld) supports shared libraries
configure:10875: result: yes
configure:11115: checking dynamic linker characteristics
configure:11852: result: darwin16.6.0 dyld
configure:11959: checking how to hardcode library paths into programs
configure:11984: result: immediate
configure:12524: checking whether stripping libraries is possible
configure:12538: result: yes
configure:12564: checking if libtool supports shared libraries
configure:12566: result: yes
configure:12569: checking whether to build shared libraries
configure:12590: result: yes
configure:12593: checking whether to build static libraries
configure:12597: result: yes
configure:12639: checking for bison
configure:12655: found /usr/bin/bison
configure:12667: result: bison -y
configure:12681: checking for ANSI C header files
configure:12785: result: yes
configure:12793: checking whether byte ordering is bigendian
configure:12808: gcc -c -g -O2 -Wall  conftest.c >&5
configure:12808: $? = 0
configure:12853: gcc -c -g -O2 -Wall  conftest.c >&5
configure:12853: $? = 0
configure:12871: gcc -c -g -O2 -Wall  conftest.c >&5
conftest.c:29:4: error: use of undeclared identifier 'not'
                 not big endian
                 ^
1 error generated.
configure:12871: $? = 1
configure: failed program was:
| /* confdefs.h */
| #define PACKAGE_NAME "sphinxbase"
| #define PACKAGE_TARNAME "sphinxbase"
| #define PACKAGE_VERSION "5prealpha"
| #define PACKAGE_STRING "sphinxbase 5prealpha"
| #define PACKAGE_BUGREPORT ""
| #define PACKAGE_URL ""
| #define STDC_HEADERS 1
| #define HAVE_SYS_TYPES_H 1
| #define HAVE_SYS_STAT_H 1
| #define HAVE_STDLIB_H 1
| #define HAVE_STRING_H 1
| #define HAVE_MEMORY_H 1
| #define HAVE_STRINGS_H 1
| #define HAVE_INTTYPES_H 1
| #define HAVE_STDINT_H 1
| #define HAVE_UNISTD_H 1
| #define HAVE_DLFCN_H 1
| #define LT_OBJDIR ".libs/"
| #define STDC_HEADERS 1
| /* end confdefs.h.  */
| #include <sys/types.h>
| 		#include <sys/param.h>
| 
| int
| main ()
| {
| #if BYTE_ORDER != BIG_ENDIAN
| 		 not big endian
| 		#endif
| 
|   ;
|   return 0;
| }
configure:12999: result: no
configure:13017: checking return type of signal handlers
configure:13035: gcc -c -g -O2 -Wall  conftest.c >&5
conftest.c:28:8: error: indirection requires pointer operand ('void' invalid)
return *(signal (0, 0)) (0) == 1;
       ^~~~~~~~~~~~~~~~~~~~
1 error generated.
configure:13035: $? = 1
configure: failed program was:
| /* confdefs.h */
| #define PACKAGE_NAME "sphinxbase"
| #define PACKAGE_TARNAME "sphinxbase"
| #define PACKAGE_VERSION "5prealpha"
| #define PACKAGE_STRING "sphinxbase 5prealpha"
| #define PACKAGE_BUGREPORT ""
| #define PACKAGE_URL ""
| #define STDC_HEADERS 1
| #define HAVE_SYS_TYPES_H 1
| #define HAVE_SYS_STAT_H 1
| #define HAVE_STDLIB_H 1
| #define HAVE_STRING_H 1
| #define HAVE_MEMORY_H 1
| #define HAVE_STRINGS_H 1
| #define HAVE_INTTYPES_H 1
| #define HAVE_STDINT_H 1
| #define HAVE_UNISTD_H 1
| #define HAVE_DLFCN_H 1
| #define LT_OBJDIR ".libs/"
| #define STDC_HEADERS 1
| /* end confdefs.h.  */
| #include <sys/types.h>
| #include <signal.h>
| 
| int
| main ()
| {
| return *(signal (0, 0)) (0) == 1;
|   ;
|   return 0;
| }
configure:13042: result: void
configure:13050: checking for long long
configure:13050: gcc -c -g -O2 -Wall  conftest.c >&5
configure:13050: $? = 0
configure:13050: gcc -c -g -O2 -Wall  conftest.c >&5
conftest.c:59:24: error: expected expression
if (sizeof ((long long)))
                       ^
1 error generated.
configure:13050: $? = 1
configure: failed program was:
| /* confdefs.h */
| #define PACKAGE_NAME "sphinxbase"
| #define PACKAGE_TARNAME "sphinxbase"
| #define PACKAGE_VERSION "5prealpha"
| #define PACKAGE_STRING "sphinxbase 5prealpha"
| #define PACKAGE_BUGREPORT ""
| #define PACKAGE_URL ""
| #define STDC_HEADERS 1
| #define HAVE_SYS_TYPES_H 1
| #define HAVE_SYS_STAT_H 1
| #define HAVE_STDLIB_H 1
| #define HAVE_STRING_H 1
| #define HAVE_MEMORY_H 1
| #define HAVE_STRINGS_H 1
| #define HAVE_INTTYPES_H 1
| #define HAVE_STDINT_H 1
| #define HAVE_UNISTD_H 1
| #define HAVE_DLFCN_H 1
| #define LT_OBJDIR ".libs/"
| #define STDC_HEADERS 1
| #define RETSIGTYPE void
| /* end confdefs.h.  */
| #include <stdio.h>
| #ifdef HAVE_SYS_TYPES_H
| # include <sys/types.h>
| #endif
| #ifdef HAVE_SYS_STAT_H
| # include <sys/stat.h>
| #endif
| #ifdef STDC_HEADERS
| # include <stdlib.h>
| # include <stddef.h>
| #else
| # ifdef HAVE_STDLIB_H
| #  include <stdlib.h>
| # endif
| #endif
| #ifdef HAVE_STRING_H
| # if !defined STDC_HEADERS && defined HAVE_MEMORY_H
| #  include <memory.h>
| # endif
| # include <string.h>
| #endif
| #ifdef HAVE_STRINGS_H
| # include <strings.h>
| #endif
| #ifdef HAVE_INTTYPES_H
| # include <inttypes.h>
| #endif
| #ifdef HAVE_STDINT_H
| # include <stdint.h>
| #endif
| #ifdef HAVE_UNISTD_H
| # include <unistd.h>
| #endif
| int
| main ()
| {
| if (sizeof ((long long)))
| 	    return 0;
|   ;
|   return 0;
| }
configure:13050: result: yes
configure:13064: checking size of long long
configure:13069: gcc -o conftest -g -O2 -Wall   conftest.c  >&5
configure:13069: $? = 0
configure:13069: ./conftest
configure:13069: $? = 0
configure:13083: result: 8
configure:13097: checking size of long
configure:13102: gcc -o conftest -g -O2 -Wall   conftest.c  >&5
configure:13102: $? = 0
configure:13102: ./conftest
configure:13102: $? = 0
configure:13116: result: 8
configure:13129: checking for popen
configure:13129: gcc -o conftest -g -O2 -Wall   conftest.c  >&5
configure:13129: $? = 0
configure:13129: result: yes
configure:13129: checking for perror
configure:13129: gcc -o conftest -g -O2 -Wall   conftest.c  >&5
configure:13129: $? = 0
configure:13129: result: yes
configure:13129: checking for snprintf
configure:13129: gcc -o conftest -g -O2 -Wall   conftest.c  >&5
conftest.c:51:6: warning: incompatible redeclaration of library function 'snprintf' [-Wincompatible-library-redeclaration]
char snprintf ();
     ^
conftest.c:51:6: note: 'snprintf' is a builtin with type 'int (char *, unsigned long, const char *, ...)'
1 warning generated.
configure:13129: $? = 0
configure:13129: result: yes
configure:13138: checking errno.h usability
configure:13138: gcc -c -g -O2 -Wall  conftest.c >&5
configure:13138: $? = 0
configure:13138: result: yes
configure:13138: checking errno.h presence
configure:13138: gcc -E  conftest.c
configure:13138: $? = 0
configure:13138: result: yes
configure:13138: checking for errno.h
configure:13138: result: yes
configure:13158: checking for sgesv_ in -llapack
configure:13183: gcc -o conftest -g -O2 -Wall   conftest.c -llapack   >&5
configure:13183: $? = 0
configure:13192: result: yes
configure:13206: checking for sgemm_ in -lblas
configure:13231: gcc -o conftest -g -O2 -Wall   conftest.c -lblas  -llapack  >&5
configure:13231: $? = 0
configure:13240: result: yes
configure:13275: checking for log in -lm
configure:13300: gcc -o conftest -g -O2 -Wall   conftest.c -lm  -lblas -llapack  >&5
conftest.c:39:6: warning: incompatible redeclaration of library function 'log' [-Wincompatible-library-redeclaration]
char log ();
     ^
conftest.c:39:6: note: 'log' is a builtin with type 'double (double)'
1 warning generated.
configure:13300: $? = 0
configure:13309: result: yes
configure:13340: checking pthread.h usability
configure:13340: gcc -c -g -O2 -Wall  conftest.c >&5
configure:13340: $? = 0
configure:13340: result: yes
configure:13340: checking pthread.h presence
configure:13340: gcc -E  conftest.c
configure:13340: $? = 0
configure:13340: result: yes
configure:13340: checking for pthread.h
configure:13340: result: yes
configure:13350: checking for pthread_create in -lpthread
configure:13375: gcc -o conftest -g -O2 -Wall   conftest.c -lpthread  -lm -lblas -llapack  >&5
configure:13375: $? = 0
configure:13384: result: yes
configure:13631: checking alc.h usability
configure:13631: gcc -c -g -O2 -Wall  -I/Applications/Xcode.app/Contents/Developer/Platforms/MacOSX.platform/Developer/SDKs/MacOSX10.12.sdk/System/Library/Frameworks/OpenAL.framework/Versions/A/Headers/ conftest.c >&5
configure:13631: $? = 0
configure:13631: result: yes
configure:13631: checking alc.h presence
configure:13631: gcc -E  -I/Applications/Xcode.app/Contents/Developer/Platforms/MacOSX.platform/Developer/SDKs/MacOSX10.12.sdk/System/Library/Frameworks/OpenAL.framework/Versions/A/Headers/ conftest.c
configure:13631: $? = 0
configure:13631: result: yes
configure:13631: checking for alc.h
configure:13631: result: yes
configure:13656: checking for doxygen
configure:13684: result: no
configure:13745: checking for a Python interpreter with version >= 2.6
configure:13762: python -c import sys # split strings by '.' and convert to numeric. Append some zeros # because we need at least 4 digits for the hex conversion. # map returns an iterator in Python 3.0 and a list in 2.x minver = list(map(int, '2.6'.split('.'))) + [0, 0, 0] minverhex = 0 # xrange is not present in Python 3.0 and range returns an iterator for i in list(range(0, 4)): minverhex = (minverhex << 8) + minver[i] sys.exit(sys.hexversion < minverhex)
configure:13765: $? = 0
configure:13771: result: python
configure:13779: checking for python
configure:13797: found /usr/bin/python
configure:13809: result: /usr/bin/python
configure:13827: checking for python version
configure:13834: result: 2.7
configure:13846: checking for python platform
configure:13853: result: darwin
configure:13879: checking for python script directory
configure:13914: result: ${prefix}/lib/python2.7/site-packages
configure:13923: checking for python extension module directory
configure:13958: result: ${exec_prefix}/lib/python2.7/site-packages
configure:13979: checking for python2.7
configure:14009: result: /usr/bin/python
configure:14025: checking for a version of Python >= '2.1.0'
configure:14051: result: yes
configure:14082: checking for the distutils Python package
configure:14086: result: yes
configure:14100: checking for Python include path
configure:14116: result: -I/System/Library/Frameworks/Python.framework/Versions/2.7/include/python2.7
configure:14123: checking for Python library path
configure:14200: result: -L/System/Library/Frameworks/Python.framework/Versions/2.7/lib -lpython2.7
configure:14207: checking for Python site-packages path
configure:14213: result: /Library/Python/2.7/site-packages
configure:14220: checking python extra libraries
configure:14227: result: -ldl  -framework CoreFoundation 
configure:14234: checking python extra linking flags
configure:14241: result: -u _PyMac_Error /System/Library/Frameworks/Python.framework/Versions/2.7/Python
configure:14248: checking consistency of all components of python development environment
configure:14274: gcc -o conftest -g -O2 -Wall  -I/System/Library/Frameworks/Python.framework/Versions/2.7/include/python2.7  conftest.c -lpthread -lm -lblas -llapack  -L/System/Library/Frameworks/Python.framework/Versions/2.7/lib -lpython2.7 -u _PyMac_Error /System/Library/Frameworks/Python.framework/Versions/2.7/Python -ldl  -framework CoreFoundation  >&5
configure:14274: $? = 0
configure:14291: result: yes
configure:14322: checking for swig
configure:14340: found /usr/local/bin/swig
configure:14352: result: /usr/local/bin/swig
configure:14366: checking SWIG version
configure:14369: result: 3.0.12
configure:14418: checking for SWIG library
configure:14421: result: /usr/local/Cellar/swig/3.0.12/share/swig/3.0.12
configure:14558: checking that generated files are newer than configure
configure:14564: result: done
configure:14616: creating ./config.status

## ---------------------- ##
## Running config.status. ##
## ---------------------- ##

This file was extended by sphinxbase config.status 5prealpha, which was
generated by GNU Autoconf 2.69.  Invocation command line was

  CONFIG_FILES    = 
  CONFIG_HEADERS  = 
  CONFIG_LINKS    = 
  CONFIG_COMMANDS = 
  $ ./config.status 

on meow.local

config.status:1165: creating sphinxbase.pc
config.status:1165: creating Makefile
config.status:1165: creating include/Makefile
config.status:1165: creating include/sphinxbase/Makefile
config.status:1165: creating src/Makefile
config.status:1165: creating src/libsphinxad/Makefile
config.status:1165: creating src/libsphinxbase/Makefile
config.status:1165: creating src/libsphinxbase/util/Makefile
config.status:1165: creating src/libsphinxbase/feat/Makefile
config.status:1165: creating src/libsphinxbase/fe/Makefile
config.status:1165: creating src/libsphinxbase/lm/Makefile
config.status:1165: creating src/sphinx_fe/Makefile
config.status:1165: creating src/sphinx_cepview/Makefile
config.status:1165: creating src/sphinx_jsgf2fsg/Makefile
config.status:1165: creating src/sphinx_adtools/Makefile
config.status:1165: creating src/sphinx_lmtools/Makefile
config.status:1165: creating doc/Makefile
config.status:1165: creating doc/doxyfile
config.status:1165: creating test/Makefile
config.status:1165: creating test/unit/testfuncs.sh
config.status:1165: creating test/unit/Makefile
config.status:1165: creating test/unit/test_alloc/Makefile
config.status:1165: creating test/unit/test_bitvec/Makefile
config.status:1165: creating test/unit/test_case/Makefile
config.status:1165: creating test/unit/test_string/Makefile
config.status:1165: creating test/unit/test_cmdln/Makefile
config.status:1165: creating test/unit/test_hash/Makefile
config.status:1165: creating test/unit/test_matrix/Makefile
config.status:1165: creating test/unit/test_feat/Makefile
config.status:1165: creating test/unit/test_fe/Makefile
config.status:1165: creating test/unit/test_logmath/Makefile
config.status:1165: creating test/unit/test_lineiter/Makefile
config.status:1165: creating test/unit/test_ngram/Makefile
config.status:1165: creating test/unit/test_fsg/Makefile
config.status:1165: creating test/unit/test_thread/Makefile
config.status:1165: creating test/unit/test_util/Makefile
config.status:1165: creating test/regression/testfuncs.sh
config.status:1165: creating test/regression/Makefile
config.status:1165: creating swig/Makefile
config.status:1165: creating swig/python/Makefile
config.status:1165: creating include/config.h
config.status:1165: creating include/sphinx_config.h
config.status:1394: executing depfiles commands
config.status:1394: executing libtool commands

## ---------------- ##
## Cache variables. ##
## ---------------- ##

ac_cv_build=x86_64-apple-darwin16.6.0
ac_cv_c_bigendian=no
ac_cv_c_compiler_gnu=yes
ac_cv_env_CC_set=
ac_cv_env_CC_value=
ac_cv_env_CFLAGS_set=
ac_cv_env_CFLAGS_value=
ac_cv_env_CPPFLAGS_set=
ac_cv_env_CPPFLAGS_value=
ac_cv_env_CPP_set=
ac_cv_env_CPP_value=
ac_cv_env_LDFLAGS_set=
ac_cv_env_LDFLAGS_value=
ac_cv_env_LIBS_set=
ac_cv_env_LIBS_value=
ac_cv_env_PYTHON_VERSION_set=
ac_cv_env_PYTHON_VERSION_value=
ac_cv_env_PYTHON_set=
ac_cv_env_PYTHON_value=
ac_cv_env_YACC_set=
ac_cv_env_YACC_value=
ac_cv_env_build_alias_set=
ac_cv_env_build_alias_value=
ac_cv_env_host_alias_set=
ac_cv_env_host_alias_value=
ac_cv_env_target_alias_set=
ac_cv_env_target_alias_value=
ac_cv_func_perror=yes
ac_cv_func_popen=yes
ac_cv_func_snprintf=yes
ac_cv_header_alc_h=yes
ac_cv_header_dlfcn_h=yes
ac_cv_header_errno_h=yes
ac_cv_header_inttypes_h=yes
ac_cv_header_memory_h=yes
ac_cv_header_pthread_h=yes
ac_cv_header_stdc=yes
ac_cv_header_stdint_h=yes
ac_cv_header_stdlib_h=yes
ac_cv_header_string_h=yes
ac_cv_header_strings_h=yes
ac_cv_header_sys_stat_h=yes
ac_cv_header_sys_types_h=yes
ac_cv_header_unistd_h=yes
ac_cv_host=x86_64-apple-darwin16.6.0
ac_cv_lib_blas_sgemm_=yes
ac_cv_lib_lapack_sgesv_=yes
ac_cv_lib_m_log=yes
ac_cv_lib_pthread_pthread_create=yes
ac_cv_objext=o
ac_cv_path_EGREP='/usr/bin/grep -E'
ac_cv_path_FGREP='/usr/bin/grep -F'
ac_cv_path_GREP=/usr/bin/grep
ac_cv_path_PYTHON=/usr/bin/python
ac_cv_path_SED=/usr/bin/sed
ac_cv_path_SWIG=/usr/local/bin/swig
ac_cv_path_install='/usr/bin/install -c'
ac_cv_prog_AWK=awk
ac_cv_prog_CPP='gcc -E'
ac_cv_prog_HAVE_DOXYGEN=no
ac_cv_prog_YACC='bison -y'
ac_cv_prog_ac_ct_AR=ar
ac_cv_prog_ac_ct_CC=gcc
ac_cv_prog_ac_ct_DSYMUTIL=dsymutil
ac_cv_prog_ac_ct_LIPO=lipo
ac_cv_prog_ac_ct_NMEDIT=nmedit
ac_cv_prog_ac_ct_OBJDUMP=objdump
ac_cv_prog_ac_ct_OTOOL=otool
ac_cv_prog_ac_ct_RANLIB=ranlib
ac_cv_prog_ac_ct_STRIP=strip
ac_cv_prog_cc_c89=
ac_cv_prog_cc_c99=
ac_cv_prog_cc_g=yes
ac_cv_prog_cc_stdc=
ac_cv_prog_make_make_set=yes
ac_cv_search_strerror='none required'
ac_cv_sizeof_long=8
ac_cv_sizeof_long_long=8
ac_cv_type_long_long=yes
ac_cv_type_signal=void
am_cv_CC_dependencies_compiler_type=gcc3
am_cv_make_support_nested_variables=yes
am_cv_pathless_PYTHON=python
am_cv_python_platform=darwin
am_cv_python_pyexecdir='${exec_prefix}/lib/python2.7/site-packages'
am_cv_python_pythondir='${prefix}/lib/python2.7/site-packages'
am_cv_python_version=2.7
lt_cv_apple_cc_single_mod=yes
lt_cv_ar_at_file=no
lt_cv_deplibs_check_method=pass_all
lt_cv_file_magic_cmd='$MAGIC_CMD'
lt_cv_file_magic_test_file=
lt_cv_ld_exported_symbols_list=yes
lt_cv_ld_force_load=yes
lt_cv_ld_reload_flag=-r
lt_cv_nm_interface='BSD nm'
lt_cv_objdir=.libs
lt_cv_path_LD=/Applications/Xcode.app/Contents/Developer/Toolchains/XcodeDefault.xctoolchain/usr/bin/ld
lt_cv_path_NM='/usr/bin/nm -B'
lt_cv_path_mainfest_tool=no
lt_cv_prog_compiler_c_o=yes
lt_cv_prog_compiler_pic='-fno-common -DPIC'
lt_cv_prog_compiler_pic_works=yes
lt_cv_prog_compiler_rtti_exceptions=yes
lt_cv_prog_compiler_static_works=no
lt_cv_prog_gnu_ld=no
lt_cv_sharedlib_from_linklib_cmd='printf %s\n'
lt_cv_sys_global_symbol_pipe='sed -n -e '\''s/^.*[	 ]\([BCDEGRST][BCDEGRST]*\)[	 ][	 ]*_\([_A-Za-z][_A-Za-z0-9]*\)$/\1 _\2 \2/p'\'' | sed '\''/ __gnu_lto/d'\'''
lt_cv_sys_global_symbol_to_c_name_address='sed -n -e '\''s/^: \([^ ]*\)[ ]*$/  {\"\1\", (void *) 0},/p'\'' -e '\''s/^[BCDEGRST]* \([^ ]*\) \([^ ]*\)$/  {"\2", (void *) \&\2},/p'\'''
lt_cv_sys_global_symbol_to_c_name_address_lib_prefix='sed -n -e '\''s/^: \([^ ]*\)[ ]*$/  {\"\1\", (void *) 0},/p'\'' -e '\''s/^[BCDEGRST]* \([^ ]*\) \(lib[^ ]*\)$/  {"\2", (void *) \&\2},/p'\'' -e '\''s/^[BCDEGRST]* \([^ ]*\) \([^ ]*\)$/  {"lib\2", (void *) \&\2},/p'\'''
lt_cv_sys_global_symbol_to_cdecl='sed -n -e '\''s/^T .* \(.*\)$/extern int \1();/p'\'' -e '\''s/^[BCDEGRST]* .* \(.*\)$/extern char \1;/p'\'''
lt_cv_sys_max_cmd_len=196608
lt_cv_to_host_file_cmd=func_convert_file_noop
lt_cv_to_tool_file_cmd=func_convert_file_noop

## ----------------- ##
## Output variables. ##
## ----------------- ##

ACLOCAL='${SHELL} /Users/muyingchen/desktop/voice-authentication/sphinxbase-5prealpha/missing aclocal-1.13'
AMDEPBACKSLASH='\'
AMDEP_FALSE='#'
AMDEP_TRUE=''
AMTAR='$${TAR-tar}'
AM_BACKSLASH='\'
AM_DEFAULT_V='$(AM_DEFAULT_VERBOSITY)'
AM_DEFAULT_VERBOSITY='1'
AM_V='$(V)'
AR='ar'
AUTOCONF='${SHELL} /Users/muyingchen/desktop/voice-authentication/sphinxbase-5prealpha/missing autoconf'
AUTOHEADER='${SHELL} /Users/muyingchen/desktop/voice-authentication/sphinxbase-5prealpha/missing autoheader'
AUTOMAKE='${SHELL} /Users/muyingchen/desktop/voice-authentication/sphinxbase-5prealpha/missing automake-1.13'
AWK='awk'
BUILD_DOXYGEN_FALSE=''
BUILD_DOXYGEN_TRUE='#'
BUILD_SWIG_FALSE='#'
BUILD_SWIG_TRUE=''
CC='gcc'
CCDEPMODE='depmode=gcc3'
CFLAGS='-g -O2 -Wall'
CPP='gcc -E'
CPPFLAGS=''
CYGPATH_W='echo'
DEFS='-DHAVE_CONFIG_H'
DEPDIR='.deps'
DLLTOOL='false'
DSYMUTIL='dsymutil'
DUMPBIN=''
ECHO_C='\c'
ECHO_N=''
ECHO_T=''
EGREP='/usr/bin/grep -E'
EXEEXT=''
FGREP='/usr/bin/grep -F'
FIXED_POINT_FALSE=''
FIXED_POINT_TRUE='#'
GREP='/usr/bin/grep'
HAVE_DOXYGEN='no'
INSTALL_DATA='${INSTALL} -m 644'
INSTALL_PROGRAM='${INSTALL}'
INSTALL_SCRIPT='${INSTALL}'
INSTALL_STRIP_PROGRAM='$(install_sh) -c -s'
LAPACK_LITE_FALSE=''
LAPACK_LITE_TRUE='#'
LD='/Applications/Xcode.app/Contents/Developer/Toolchains/XcodeDefault.xctoolchain/usr/bin/ld'
LDFLAGS=''
LIBOBJS=''
LIBS='-lpthread -lm -lblas -llapack '
LIBTOOL='$(SHELL) $(top_builddir)/libtool'
LIPO='lipo'
LN_S='ln -s'
LTLIBOBJS=''
MAKEINFO='${SHELL} /Users/muyingchen/desktop/voice-authentication/sphinxbase-5prealpha/missing makeinfo'
MANIFEST_TOOL=':'
MKDIR_P='./install-sh -c -d'
NM='/usr/bin/nm -B'
NMEDIT='nmedit'
OBJDUMP='objdump'
OBJEXT='o'
OTOOL64=':'
OTOOL='otool'
PACKAGE='sphinxbase'
PACKAGE_BUGREPORT=''
PACKAGE_NAME='sphinxbase'
PACKAGE_STRING='sphinxbase 5prealpha'
PACKAGE_TARNAME='sphinxbase'
PACKAGE_URL=''
PACKAGE_VERSION='5prealpha'
PATH_SEPARATOR=':'
PYTHON='/usr/bin/python'
PYTHON_CPPFLAGS='-I/System/Library/Frameworks/Python.framework/Versions/2.7/include/python2.7'
PYTHON_EXEC_PREFIX='${exec_prefix}'
PYTHON_EXTRA_LDFLAGS='-u _PyMac_Error /System/Library/Frameworks/Python.framework/Versions/2.7/Python'
PYTHON_EXTRA_LIBS='-ldl  -framework CoreFoundation '
PYTHON_LDFLAGS='-L/System/Library/Frameworks/Python.framework/Versions/2.7/lib -lpython2.7'
PYTHON_PLATFORM='darwin'
PYTHON_PREFIX='${prefix}'
PYTHON_SITE_PKG='/Library/Python/2.7/site-packages'
PYTHON_VERSION='2.7'
RANLIB='ranlib'
SED='/usr/bin/sed'
SET_MAKE=''
SHELL='/bin/sh'
STRIP='strip'
SWIG='/usr/local/bin/swig'
SWIG_LIB='/usr/local/Cellar/swig/3.0.12/share/swig/3.0.12'
USE_LAPACK_FALSE='#'
USE_LAPACK_TRUE=''
USE_THREADS_FALSE='#'
USE_THREADS_TRUE=''
VERSION='5prealpha'
YACC='bison -y'
ac_ct_AR='ar'
ac_ct_CC='gcc'
ac_ct_DUMPBIN=''
ad_cppflags='-I/Applications/Xcode.app/Contents/Developer/Platforms/MacOSX.platform/Developer/SDKs/MacOSX10.12.sdk/System/Library/Frameworks/OpenAL.framework/Versions/A/Headers/'
ad_files='ad_openal.lo'
ad_libs='-framework OpenAL'
am__EXEEXT_FALSE=''
am__EXEEXT_TRUE='#'
am__fastdepCC_FALSE='#'
am__fastdepCC_TRUE=''
am__include='include'
am__isrc=''
am__leading_dot='.'
am__nodep='_no'
am__quote=''
am__tar='$${TAR-tar} chof - "$$tardir"'
am__untar='$${TAR-tar} xf -'
bindir='${exec_prefix}/bin'
build='x86_64-apple-darwin16.6.0'
build_alias=''
build_cpu='x86_64'
build_os='darwin16.6.0'
build_vendor='apple'
datadir='${datarootdir}'
datarootdir='${prefix}/share'
docdir='${datarootdir}/doc/${PACKAGE_TARNAME}'
dvidir='${docdir}'
exec_prefix='${prefix}'
host='x86_64-apple-darwin16.6.0'
host_alias=''
host_cpu='x86_64'
host_os='darwin16.6.0'
host_vendor='apple'
htmldir='${docdir}'
includedir='${prefix}/include'
infodir='${datarootdir}/info'
install_sh='${SHELL} /Users/muyingchen/desktop/voice-authentication/sphinxbase-5prealpha/install-sh'
libdir='${exec_prefix}/lib'
libexecdir='${exec_prefix}/libexec'
localedir='${datarootdir}/locale'
localstatedir='${prefix}/var'
mandir='${datarootdir}/man'
mkdir_p='$(MKDIR_P)'
oldincludedir='/usr/include'
pdfdir='${docdir}'
pkgpyexecdir='${pyexecdir}/sphinxbase'
pkgpythondir='${pythondir}/sphinxbase'
prefix='/usr/local'
program_transform_name='s,x,x,'
psdir='${docdir}'
pyexecdir='${exec_prefix}/lib/python2.7/site-packages'
pythondir='${prefix}/lib/python2.7/site-packages'
sbindir='${exec_prefix}/sbin'
sharedstatedir='${prefix}/com'
sysconfdir='${prefix}/etc'
target_alias=''

## ----------- ##
## confdefs.h. ##
## ----------- ##

/* confdefs.h */
#define PACKAGE_NAME "sphinxbase"
#define PACKAGE_TARNAME "sphinxbase"
#define PACKAGE_VERSION "5prealpha"
#define PACKAGE_STRING "sphinxbase 5prealpha"
#define PACKAGE_BUGREPORT ""
#define PACKAGE_URL ""
#define STDC_HEADERS 1
#define HAVE_SYS_TYPES_H 1
#define HAVE_SYS_STAT_H 1
#define HAVE_STDLIB_H 1
#define HAVE_STRING_H 1
#define HAVE_MEMORY_H 1
#define HAVE_STRINGS_H 1
#define HAVE_INTTYPES_H 1
#define HAVE_STDINT_H 1
#define HAVE_UNISTD_H 1
#define HAVE_DLFCN_H 1
#define LT_OBJDIR ".libs/"
#define STDC_HEADERS 1
#define RETSIGTYPE void
#define HAVE_LONG_LONG 1
#define SIZEOF_LONG_LONG 8
#define SIZEOF_LONG 8
#define HAVE_POPEN 1
#define HAVE_PERROR 1
#define HAVE_SNPRINTF 1
#define HAVE_LIBLAPACK 1
#define HAVE_LIBBLAS 1
#define WITH_LAPACK /**/
#define HAVE_LIBM 1
#define HAVE_PTHREAD_H 1
#define HAVE_LIBPTHREAD 1
#define ENABLE_THREADS /**/
#define HAVE_PYTHON "2.7"

configure: exit 0
